{"C:\\Users\\Cerra\\OneDrive\\Documenti\\Uni\\ssgs\\calcolatrice\\calculator.js": {"path":"C:\\Users\\Cerra\\OneDrive\\Documenti\\Uni\\ssgs\\calcolatrice\\calculator.js","statementMap":{"0":{"start":{"line":2,"column":0},"end":{"line":10,"column":4}},"1":{"start":{"line":3,"column":19},"end":{"line":3,"column":24}},"2":{"start":{"line":4,"column":24},"end":{"line":4,"column":29}},"3":{"start":{"line":5,"column":24},"end":{"line":5,"column":29}},"4":{"start":{"line":7,"column":6},"end":{"line":7,"column":73}},"5":{"start":{"line":7,"column":19},"end":{"line":7,"column":73}},"6":{"start":{"line":8,"column":6},"end":{"line":8,"column":19}},"7":{"start":{"line":13,"column":19},"end":{"line":13,"column":38}},"8":{"start":{"line":14,"column":21},"end":{"line":14,"column":44}},"9":{"start":{"line":16,"column":13},"end":{"line":19,"column":4}},"10":{"start":{"line":21,"column":2},"end":{"line":21,"column":51}},"11":{"start":{"line":22,"column":2},"end":{"line":22,"column":92}},"12":{"start":{"line":24,"column":2},"end":{"line":67,"column":5}},"13":{"start":{"line":25,"column":4},"end":{"line":29,"column":5}},"14":{"start":{"line":26,"column":6},"end":{"line":26,"column":44}},"15":{"start":{"line":27,"column":6},"end":{"line":27,"column":17}},"16":{"start":{"line":28,"column":6},"end":{"line":28,"column":13}},"17":{"start":{"line":31,"column":4},"end":{"line":66,"column":7}},"18":{"start":{"line":32,"column":6},"end":{"line":65,"column":9}},"19":{"start":{"line":33,"column":18},"end":{"line":33,"column":34}},"20":{"start":{"line":34,"column":18},"end":{"line":34,"column":34}},"21":{"start":{"line":36,"column":8},"end":{"line":40,"column":9}},"22":{"start":{"line":37,"column":10},"end":{"line":37,"column":66}},"23":{"start":{"line":38,"column":10},"end":{"line":38,"column":21}},"24":{"start":{"line":39,"column":10},"end":{"line":39,"column":17}},"25":{"start":{"line":43,"column":8},"end":{"line":61,"column":9}},"26":{"start":{"line":44,"column":10},"end":{"line":57,"column":11}},"27":{"start":{"line":46,"column":14},"end":{"line":46,"column":44}},"28":{"start":{"line":47,"column":14},"end":{"line":47,"column":20}},"29":{"start":{"line":49,"column":14},"end":{"line":49,"column":49}},"30":{"start":{"line":50,"column":14},"end":{"line":50,"column":20}},"31":{"start":{"line":52,"column":14},"end":{"line":52,"column":49}},"32":{"start":{"line":53,"column":14},"end":{"line":53,"column":20}},"33":{"start":{"line":55,"column":14},"end":{"line":55,"column":47}},"34":{"start":{"line":56,"column":14},"end":{"line":56,"column":20}},"35":{"start":{"line":58,"column":10},"end":{"line":58,"column":46}},"36":{"start":{"line":60,"column":10},"end":{"line":60,"column":50}},"37":{"start":{"line":63,"column":8},"end":{"line":63,"column":66}},"38":{"start":{"line":64,"column":8},"end":{"line":64,"column":19}}},"fnMap":{"0":{"name":"(anonymous_0)","decl":{"start":{"line":3,"column":9},"end":{"line":3,"column":10}},"loc":{"start":{"line":3,"column":19},"end":{"line":3,"column":24}},"line":3},"1":{"name":"(anonymous_1)","decl":{"start":{"line":4,"column":14},"end":{"line":4,"column":15}},"loc":{"start":{"line":4,"column":24},"end":{"line":4,"column":29}},"line":4},"2":{"name":"(anonymous_2)","decl":{"start":{"line":5,"column":14},"end":{"line":5,"column":15}},"loc":{"start":{"line":5,"column":24},"end":{"line":5,"column":29}},"line":5},"3":{"name":"(anonymous_3)","decl":{"start":{"line":6,"column":12},"end":{"line":6,"column":13}},"loc":{"start":{"line":6,"column":22},"end":{"line":9,"column":5}},"line":6},"4":{"name":"(anonymous_4)","decl":{"start":{"line":24,"column":43},"end":{"line":24,"column":44}},"loc":{"start":{"line":24,"column":58},"end":{"line":67,"column":3}},"line":24},"5":{"name":"(anonymous_5)","decl":{"start":{"line":31,"column":47},"end":{"line":31,"column":48}},"loc":{"start":{"line":31,"column":57},"end":{"line":66,"column":5}},"line":31},"6":{"name":"(anonymous_6)","decl":{"start":{"line":32,"column":51},"end":{"line":32,"column":52}},"loc":{"start":{"line":32,"column":61},"end":{"line":65,"column":7}},"line":32}},"branchMap":{"0":{"loc":{"start":{"line":7,"column":6},"end":{"line":7,"column":73}},"type":"if","locations":[{"start":{"line":7,"column":6},"end":{"line":7,"column":73}},{"start":{},"end":{}}],"line":7},"1":{"loc":{"start":{"line":25,"column":4},"end":{"line":29,"column":5}},"type":"if","locations":[{"start":{"line":25,"column":4},"end":{"line":29,"column":5}},{"start":{},"end":{}}],"line":25},"2":{"loc":{"start":{"line":36,"column":8},"end":{"line":40,"column":9}},"type":"if","locations":[{"start":{"line":36,"column":8},"end":{"line":40,"column":9}},{"start":{},"end":{}}],"line":36},"3":{"loc":{"start":{"line":36,"column":12},"end":{"line":36,"column":32}},"type":"binary-expr","locations":[{"start":{"line":36,"column":12},"end":{"line":36,"column":20}},{"start":{"line":36,"column":24},"end":{"line":36,"column":32}}],"line":36},"4":{"loc":{"start":{"line":44,"column":10},"end":{"line":57,"column":11}},"type":"switch","locations":[{"start":{"line":45,"column":12},"end":{"line":47,"column":20}},{"start":{"line":48,"column":12},"end":{"line":50,"column":20}},{"start":{"line":51,"column":12},"end":{"line":53,"column":20}},{"start":{"line":54,"column":12},"end":{"line":56,"column":20}}],"line":44}},"s":{"0":1,"1":1,"2":1,"3":1,"4":2,"5":1,"6":1,"7":1,"8":1,"9":1,"10":1,"11":1,"12":1,"13":0,"14":0,"15":0,"16":0,"17":0,"18":0,"19":0,"20":0,"21":0,"22":0,"23":0,"24":0,"25":0,"26":0,"27":0,"28":0,"29":0,"30":0,"31":0,"32":0,"33":0,"34":0,"35":0,"36":0,"37":0,"38":0},"f":{"0":1,"1":1,"2":1,"3":2,"4":0,"5":0,"6":0},"b":{"0":[1,1],"1":[0,0],"2":[0,0],"3":[0,0],"4":[0,0,0,0]},"_coverageSchema":"1a1c01bbd47fc00a2c39e90264f33305004495a9","hash":"1e74e01a9ab86b52f8e9607809ef77f157e6e578"}
}
